This file contains any messages produced by compilers while
running configure, to aid debugging if configure makes a mistake.

It was created by libbgpdump configure 1.4.99.12, which was
generated by GNU Autoconf 2.59.  Invocation command line was

  $ ./configure 

## --------- ##
## Platform. ##
## --------- ##

hostname = Clariden
uname -m = i686
uname -r = 2.6.32-25-generic
uname -s = Linux
uname -v = #44-Ubuntu SMP Fri Sep 17 20:26:08 UTC 2010

/usr/bin/uname -p = unknown
/bin/uname -X     = unknown

/bin/arch              = unknown
/usr/bin/arch -k       = unknown
/usr/convex/getsysinfo = unknown
hostinfo               = unknown
/bin/machine           = unknown
/usr/bin/oslevel       = unknown
/bin/universe          = unknown

PATH: /usr/local/sbin
PATH: /usr/local/bin
PATH: /usr/sbin
PATH: /usr/bin
PATH: /sbin
PATH: /bin
PATH: /usr/games


## ----------- ##
## Core tests. ##
## ----------- ##

configure:1358: checking for gcc
configure:1374: found /usr/bin/gcc
configure:1384: result: gcc
configure:1628: checking for C compiler version
configure:1631: gcc --version </dev/null >&5
gcc (Ubuntu 4.4.3-4ubuntu5) 4.4.3
Copyright (C) 2009 Free Software Foundation, Inc.
This is free software; see the source for copying conditions.  There is NO
warranty; not even for MERCHANTABILITY or FITNESS FOR A PARTICULAR PURPOSE.

configure:1634: $? = 0
configure:1636: gcc -v </dev/null >&5
Using built-in specs.
Target: i486-linux-gnu
Configured with: ../src/configure -v --with-pkgversion='Ubuntu 4.4.3-4ubuntu5' --with-bugurl=file:///usr/share/doc/gcc-4.4/README.Bugs --enable-languages=c,c++,fortran,objc,obj-c++ --prefix=/usr --enable-shared --enable-multiarch --enable-linker-build-id --with-system-zlib --libexecdir=/usr/lib --without-included-gettext --enable-threads=posix --with-gxx-include-dir=/usr/include/c++/4.4 --program-suffix=-4.4 --enable-nls --enable-clocale=gnu --enable-libstdcxx-debug --enable-plugin --enable-objc-gc --enable-targets=all --disable-werror --with-arch-32=i486 --with-tune=generic --enable-checking=release --build=i486-linux-gnu --host=i486-linux-gnu --target=i486-linux-gnu
Thread model: posix
gcc version 4.4.3 (Ubuntu 4.4.3-4ubuntu5) 
configure:1639: $? = 0
configure:1641: gcc -V </dev/null >&5
gcc: '-V' option must have argument
configure:1644: $? = 1
configure:1667: checking for C compiler default output file name
configure:1670: gcc  -g -O3 -Wall -fPIC -Wsystem-headers -Wno-format-y2k -Wno-sign-compare -Wcast-align -Wmissing-prototypes -Wpointer-arith -Wreturn-type -Wswitch -Wshadow   conftest.c  >&5
configure:1673: $? = 0
configure:1719: result: a.out
configure:1724: checking whether the C compiler works
configure:1730: ./a.out
configure:1733: $? = 0
configure:1750: result: yes
configure:1757: checking whether we are cross compiling
configure:1759: result: no
configure:1762: checking for suffix of executables
configure:1764: gcc -o conftest  -g -O3 -Wall -fPIC -Wsystem-headers -Wno-format-y2k -Wno-sign-compare -Wcast-align -Wmissing-prototypes -Wpointer-arith -Wreturn-type -Wswitch -Wshadow   conftest.c  >&5
configure:1767: $? = 0
configure:1792: result: 
configure:1798: checking for suffix of object files
configure:1819: gcc -c  -g -O3 -Wall -fPIC -Wsystem-headers -Wno-format-y2k -Wno-sign-compare -Wcast-align -Wmissing-prototypes -Wpointer-arith -Wreturn-type -Wswitch -Wshadow  conftest.c >&5
configure:1822: $? = 0
configure:1844: result: o
configure:1848: checking whether we are using the GNU C compiler
configure:1872: gcc -c  -g -O3 -Wall -fPIC -Wsystem-headers -Wno-format-y2k -Wno-sign-compare -Wcast-align -Wmissing-prototypes -Wpointer-arith -Wreturn-type -Wswitch -Wshadow  conftest.c >&5
configure:1878: $? = 0
configure:1882: test -z 
			 || test ! -s conftest.err
configure:1885: $? = 0
configure:1888: test -s conftest.o
configure:1891: $? = 0
configure:1904: result: yes
configure:1910: checking whether gcc accepts -g
configure:1931: gcc -c -g  conftest.c >&5
configure:1937: $? = 0
configure:1941: test -z 
			 || test ! -s conftest.err
configure:1944: $? = 0
configure:1947: test -s conftest.o
configure:1950: $? = 0
configure:1961: result: yes
configure:1978: checking for gcc option to accept ANSI C
configure:2048: gcc  -c  -g -O3 -Wall -fPIC -Wsystem-headers -Wno-format-y2k -Wno-sign-compare -Wcast-align -Wmissing-prototypes -Wpointer-arith -Wreturn-type -Wswitch -Wshadow  conftest.c >&5
configure:2054: $? = 0
configure:2058: test -z 
			 || test ! -s conftest.err
configure:2061: $? = 0
configure:2064: test -s conftest.o
configure:2067: $? = 0
configure:2085: result: none needed
configure:2103: gcc -c  -g -O3 -Wall -fPIC -Wsystem-headers -Wno-format-y2k -Wno-sign-compare -Wcast-align -Wmissing-prototypes -Wpointer-arith -Wreturn-type -Wswitch -Wshadow  conftest.c >&5
conftest.c:2: error: expected '=', ',', ';', 'asm' or '__attribute__' before 'me'
configure:2109: $? = 1
configure: failed program was:
| #ifndef __cplusplus
|   choke me
| #endif
configure:2283: checking for ranlib
configure:2299: found /usr/bin/ranlib
configure:2310: result: ranlib
configure:2330: checking how to run the C preprocessor
configure:2365: gcc -E  conftest.c
configure:2371: $? = 0
configure:2403: gcc -E  conftest.c
conftest.c:9:28: error: ac_nonexistent.h: No such file or directory
configure:2409: $? = 1
configure: failed program was:
| /* confdefs.h.  */
| 
| #define PACKAGE_NAME "libbgpdump"
| #define PACKAGE_TARNAME "libbgpdump"
| #define PACKAGE_VERSION "1.4.99.12"
| #define PACKAGE_STRING "libbgpdump 1.4.99.12"
| #define PACKAGE_BUGREPORT "ris@ripe.net"
| /* end confdefs.h.  */
| #include <ac_nonexistent.h>
configure:2448: result: gcc -E
configure:2472: gcc -E  conftest.c
configure:2478: $? = 0
configure:2510: gcc -E  conftest.c
conftest.c:9:28: error: ac_nonexistent.h: No such file or directory
configure:2516: $? = 1
configure: failed program was:
| /* confdefs.h.  */
| 
| #define PACKAGE_NAME "libbgpdump"
| #define PACKAGE_TARNAME "libbgpdump"
| #define PACKAGE_VERSION "1.4.99.12"
| #define PACKAGE_STRING "libbgpdump 1.4.99.12"
| #define PACKAGE_BUGREPORT "ris@ripe.net"
| /* end confdefs.h.  */
| #include <ac_nonexistent.h>
configure:2560: checking for egrep
configure:2570: result: grep -E
configure:2575: checking for ANSI C header files
configure:2600: gcc -c  -g -O3 -Wall -fPIC -Wsystem-headers -Wno-format-y2k -Wno-sign-compare -Wcast-align -Wmissing-prototypes -Wpointer-arith -Wreturn-type -Wswitch -Wshadow  conftest.c >&5
In file included from /usr/include/stdlib.h:949,
                 from conftest.c:9:
/usr/include/bits/stdlib.h:65: warning: no previous prototype for 'ptsname_r'
configure:2606: $? = 0
configure:2610: test -z 
			 || test ! -s conftest.err
configure:2613: $? = 0
configure:2616: test -s conftest.o
configure:2619: $? = 0
configure:2708: gcc -o conftest  -g -O3 -Wall -fPIC -Wsystem-headers -Wno-format-y2k -Wno-sign-compare -Wcast-align -Wmissing-prototypes -Wpointer-arith -Wreturn-type -Wswitch -Wshadow   conftest.c  >&5
conftest.c: In function 'main':
conftest.c:26: warning: implicit declaration of function 'exit'
conftest.c:26: warning: incompatible implicit declaration of built-in function 'exit'
configure:2711: $? = 0
configure:2713: ./conftest
configure:2716: $? = 0
configure:2731: result: yes
configure:2755: checking for sys/types.h
configure:2771: gcc -c  -g -O3 -Wall -fPIC -Wsystem-headers -Wno-format-y2k -Wno-sign-compare -Wcast-align -Wmissing-prototypes -Wpointer-arith -Wreturn-type -Wswitch -Wshadow  conftest.c >&5
In file included from /usr/include/stdlib.h:949,
                 from conftest.c:18:
/usr/include/bits/stdlib.h:65: warning: no previous prototype for 'ptsname_r'
configure:2777: $? = 0
configure:2781: test -z 
			 || test ! -s conftest.err
configure:2784: $? = 0
configure:2787: test -s conftest.o
configure:2790: $? = 0
configure:2801: result: yes
configure:2755: checking for sys/stat.h
configure:2771: gcc -c  -g -O3 -Wall -fPIC -Wsystem-headers -Wno-format-y2k -Wno-sign-compare -Wcast-align -Wmissing-prototypes -Wpointer-arith -Wreturn-type -Wswitch -Wshadow  conftest.c >&5
In file included from /usr/include/stdlib.h:949,
                 from conftest.c:19:
/usr/include/bits/stdlib.h:65: warning: no previous prototype for 'ptsname_r'
configure:2777: $? = 0
configure:2781: test -z 
			 || test ! -s conftest.err
configure:2784: $? = 0
configure:2787: test -s conftest.o
configure:2790: $? = 0
configure:2801: result: yes
configure:2755: checking for stdlib.h
configure:2771: gcc -c  -g -O3 -Wall -fPIC -Wsystem-headers -Wno-format-y2k -Wno-sign-compare -Wcast-align -Wmissing-prototypes -Wpointer-arith -Wreturn-type -Wswitch -Wshadow  conftest.c >&5
In file included from /usr/include/stdlib.h:949,
                 from conftest.c:20:
/usr/include/bits/stdlib.h:65: warning: no previous prototype for 'ptsname_r'
configure:2777: $? = 0
configure:2781: test -z 
			 || test ! -s conftest.err
configure:2784: $? = 0
configure:2787: test -s conftest.o
configure:2790: $? = 0
configure:2801: result: yes
configure:2755: checking for string.h
configure:2771: gcc -c  -g -O3 -Wall -fPIC -Wsystem-headers -Wno-format-y2k -Wno-sign-compare -Wcast-align -Wmissing-prototypes -Wpointer-arith -Wreturn-type -Wswitch -Wshadow  conftest.c >&5
In file included from /usr/include/stdlib.h:949,
                 from conftest.c:21:
/usr/include/bits/stdlib.h:65: warning: no previous prototype for 'ptsname_r'
configure:2777: $? = 0
configure:2781: test -z 
			 || test ! -s conftest.err
configure:2784: $? = 0
configure:2787: test -s conftest.o
configure:2790: $? = 0
configure:2801: result: yes
configure:2755: checking for memory.h
configure:2771: gcc -c  -g -O3 -Wall -fPIC -Wsystem-headers -Wno-format-y2k -Wno-sign-compare -Wcast-align -Wmissing-prototypes -Wpointer-arith -Wreturn-type -Wswitch -Wshadow  conftest.c >&5
In file included from /usr/include/stdlib.h:949,
                 from conftest.c:22:
/usr/include/bits/stdlib.h:65: warning: no previous prototype for 'ptsname_r'
configure:2777: $? = 0
configure:2781: test -z 
			 || test ! -s conftest.err
configure:2784: $? = 0
configure:2787: test -s conftest.o
configure:2790: $? = 0
configure:2801: result: yes
configure:2755: checking for strings.h
configure:2771: gcc -c  -g -O3 -Wall -fPIC -Wsystem-headers -Wno-format-y2k -Wno-sign-compare -Wcast-align -Wmissing-prototypes -Wpointer-arith -Wreturn-type -Wswitch -Wshadow  conftest.c >&5
In file included from /usr/include/stdlib.h:949,
                 from conftest.c:23:
/usr/include/bits/stdlib.h:65: warning: no previous prototype for 'ptsname_r'
configure:2777: $? = 0
configure:2781: test -z 
			 || test ! -s conftest.err
configure:2784: $? = 0
configure:2787: test -s conftest.o
configure:2790: $? = 0
configure:2801: result: yes
configure:2755: checking for inttypes.h
configure:2771: gcc -c  -g -O3 -Wall -fPIC -Wsystem-headers -Wno-format-y2k -Wno-sign-compare -Wcast-align -Wmissing-prototypes -Wpointer-arith -Wreturn-type -Wswitch -Wshadow  conftest.c >&5
In file included from /usr/include/stdlib.h:949,
                 from conftest.c:24:
/usr/include/bits/stdlib.h:65: warning: no previous prototype for 'ptsname_r'
configure:2777: $? = 0
configure:2781: test -z 
			 || test ! -s conftest.err
configure:2784: $? = 0
configure:2787: test -s conftest.o
configure:2790: $? = 0
configure:2801: result: yes
configure:2755: checking for stdint.h
configure:2771: gcc -c  -g -O3 -Wall -fPIC -Wsystem-headers -Wno-format-y2k -Wno-sign-compare -Wcast-align -Wmissing-prototypes -Wpointer-arith -Wreturn-type -Wswitch -Wshadow  conftest.c >&5
In file included from /usr/include/stdlib.h:949,
                 from conftest.c:25:
/usr/include/bits/stdlib.h:65: warning: no previous prototype for 'ptsname_r'
configure:2777: $? = 0
configure:2781: test -z 
			 || test ! -s conftest.err
configure:2784: $? = 0
configure:2787: test -s conftest.o
configure:2790: $? = 0
configure:2801: result: yes
configure:2755: checking for unistd.h
configure:2771: gcc -c  -g -O3 -Wall -fPIC -Wsystem-headers -Wno-format-y2k -Wno-sign-compare -Wcast-align -Wmissing-prototypes -Wpointer-arith -Wreturn-type -Wswitch -Wshadow  conftest.c >&5
In file included from /usr/include/stdlib.h:949,
                 from conftest.c:26:
/usr/include/bits/stdlib.h:65: warning: no previous prototype for 'ptsname_r'
configure:2777: $? = 0
configure:2781: test -z 
			 || test ! -s conftest.err
configure:2784: $? = 0
configure:2787: test -s conftest.o
configure:2790: $? = 0
configure:2801: result: yes
configure:2829: checking arpa/inet.h usability
configure:2841: gcc -c  -g -O3 -Wall -fPIC -Wsystem-headers -Wno-format-y2k -Wno-sign-compare -Wcast-align -Wmissing-prototypes -Wpointer-arith -Wreturn-type -Wswitch -Wshadow  conftest.c >&5
In file included from /usr/include/stdlib.h:949,
                 from conftest.c:27:
/usr/include/bits/stdlib.h:65: warning: no previous prototype for 'ptsname_r'
configure:2847: $? = 0
configure:2851: test -z 
			 || test ! -s conftest.err
configure:2854: $? = 0
configure:2857: test -s conftest.o
configure:2860: $? = 0
configure:2870: result: yes
configure:2874: checking arpa/inet.h presence
configure:2884: gcc -E  conftest.c
configure:2890: $? = 0
configure:2910: result: yes
configure:2945: checking for arpa/inet.h
configure:2952: result: yes
configure:2829: checking netinet/in.h usability
configure:2841: gcc -c  -g -O3 -Wall -fPIC -Wsystem-headers -Wno-format-y2k -Wno-sign-compare -Wcast-align -Wmissing-prototypes -Wpointer-arith -Wreturn-type -Wswitch -Wshadow  conftest.c >&5
In file included from /usr/include/stdlib.h:949,
                 from conftest.c:28:
/usr/include/bits/stdlib.h:65: warning: no previous prototype for 'ptsname_r'
configure:2847: $? = 0
configure:2851: test -z 
			 || test ! -s conftest.err
configure:2854: $? = 0
configure:2857: test -s conftest.o
configure:2860: $? = 0
configure:2870: result: yes
configure:2874: checking netinet/in.h presence
configure:2884: gcc -E  conftest.c
configure:2890: $? = 0
configure:2910: result: yes
configure:2945: checking for netinet/in.h
configure:2952: result: yes
configure:2829: checking syslog.h usability
configure:2841: gcc -c  -g -O3 -Wall -fPIC -Wsystem-headers -Wno-format-y2k -Wno-sign-compare -Wcast-align -Wmissing-prototypes -Wpointer-arith -Wreturn-type -Wswitch -Wshadow  conftest.c >&5
In file included from /usr/include/stdlib.h:949,
                 from conftest.c:29:
/usr/include/bits/stdlib.h:65: warning: no previous prototype for 'ptsname_r'
configure:2847: $? = 0
configure:2851: test -z 
			 || test ! -s conftest.err
configure:2854: $? = 0
configure:2857: test -s conftest.o
configure:2860: $? = 0
configure:2870: result: yes
configure:2874: checking syslog.h presence
configure:2884: gcc -E  conftest.c
configure:2890: $? = 0
configure:2910: result: yes
configure:2945: checking for syslog.h
configure:2952: result: yes
configure:2965: checking whether struct tm is in sys/time.h or time.h
configure:2988: gcc -c  -g -O3 -Wall -fPIC -Wsystem-headers -Wno-format-y2k -Wno-sign-compare -Wcast-align -Wmissing-prototypes -Wpointer-arith -Wreturn-type -Wswitch -Wshadow  conftest.c >&5
conftest.c: In function 'main':
conftest.c:28: warning: statement with no effect
configure:2994: $? = 0
configure:2998: test -z 
			 || test ! -s conftest.err
configure:3001: $? = 0
configure:3004: test -s conftest.o
configure:3007: $? = 0
configure:3018: result: time.h
configure:3030: checking for u_char_t
configure:3054: gcc -c  -g -O3 -Wall -fPIC -Wsystem-headers -Wno-format-y2k -Wno-sign-compare -Wcast-align -Wmissing-prototypes -Wpointer-arith -Wreturn-type -Wswitch -Wshadow  conftest.c >&5
In file included from /usr/include/stdlib.h:949,
                 from conftest.c:30:
/usr/include/bits/stdlib.h:65: warning: no previous prototype for 'ptsname_r'
conftest.c: In function 'main':
conftest.c:59: error: 'u_char_t' undeclared (first use in this function)
conftest.c:59: error: (Each undeclared identifier is reported only once
conftest.c:59: error: for each function it appears in.)
conftest.c:59: error: expected expression before ')' token
configure:3060: $? = 1
configure: failed program was:
| /* confdefs.h.  */
| 
| #define PACKAGE_NAME "libbgpdump"
| #define PACKAGE_TARNAME "libbgpdump"
| #define PACKAGE_VERSION "1.4.99.12"
| #define PACKAGE_STRING "libbgpdump 1.4.99.12"
| #define PACKAGE_BUGREPORT "ris@ripe.net"
| #define STDC_HEADERS 1
| #define HAVE_SYS_TYPES_H 1
| #define HAVE_SYS_STAT_H 1
| #define HAVE_STDLIB_H 1
| #define HAVE_STRING_H 1
| #define HAVE_MEMORY_H 1
| #define HAVE_STRINGS_H 1
| #define HAVE_INTTYPES_H 1
| #define HAVE_STDINT_H 1
| #define HAVE_UNISTD_H 1
| #define HAVE_ARPA_INET_H 1
| #define HAVE_NETINET_IN_H 1
| #define HAVE_SYSLOG_H 1
| /* end confdefs.h.  */
| #include <stdio.h>
| #if HAVE_SYS_TYPES_H
| # include <sys/types.h>
| #endif
| #if HAVE_SYS_STAT_H
| # include <sys/stat.h>
| #endif
| #if STDC_HEADERS
| # include <stdlib.h>
| # include <stddef.h>
| #else
| # if HAVE_STDLIB_H
| #  include <stdlib.h>
| # endif
| #endif
| #if HAVE_STRING_H
| # if !STDC_HEADERS && HAVE_MEMORY_H
| #  include <memory.h>
| # endif
| # include <string.h>
| #endif
| #if HAVE_STRINGS_H
| # include <strings.h>
| #endif
| #if HAVE_INTTYPES_H
| # include <inttypes.h>
| #else
| # if HAVE_STDINT_H
| #  include <stdint.h>
| # endif
| #endif
| #if HAVE_UNISTD_H
| # include <unistd.h>
| #endif
| int
| main ()
| {
| if ((u_char_t *) 0)
|   return 0;
| if (sizeof (u_char_t))
|   return 0;
|   ;
|   return 0;
| }
configure:3084: result: no
configure:3096: checking for u_int8_t
configure:3120: gcc -c  -g -O3 -Wall -fPIC -Wsystem-headers -Wno-format-y2k -Wno-sign-compare -Wcast-align -Wmissing-prototypes -Wpointer-arith -Wreturn-type -Wswitch -Wshadow  conftest.c >&5
In file included from /usr/include/stdlib.h:949,
                 from conftest.c:31:
/usr/include/bits/stdlib.h:65: warning: no previous prototype for 'ptsname_r'
configure:3126: $? = 0
configure:3130: test -z 
			 || test ! -s conftest.err
configure:3133: $? = 0
configure:3136: test -s conftest.o
configure:3139: $? = 0
configure:3150: result: yes
configure:3162: checking for u_int16_t
configure:3186: gcc -c  -g -O3 -Wall -fPIC -Wsystem-headers -Wno-format-y2k -Wno-sign-compare -Wcast-align -Wmissing-prototypes -Wpointer-arith -Wreturn-type -Wswitch -Wshadow  conftest.c >&5
In file included from /usr/include/stdlib.h:949,
                 from conftest.c:31:
/usr/include/bits/stdlib.h:65: warning: no previous prototype for 'ptsname_r'
configure:3192: $? = 0
configure:3196: test -z 
			 || test ! -s conftest.err
configure:3199: $? = 0
configure:3202: test -s conftest.o
configure:3205: $? = 0
configure:3216: result: yes
configure:3228: checking for u_int32_t
configure:3252: gcc -c  -g -O3 -Wall -fPIC -Wsystem-headers -Wno-format-y2k -Wno-sign-compare -Wcast-align -Wmissing-prototypes -Wpointer-arith -Wreturn-type -Wswitch -Wshadow  conftest.c >&5
In file included from /usr/include/stdlib.h:949,
                 from conftest.c:31:
/usr/include/bits/stdlib.h:65: warning: no previous prototype for 'ptsname_r'
configure:3258: $? = 0
configure:3262: test -z 
			 || test ! -s conftest.err
configure:3265: $? = 0
configure:3268: test -s conftest.o
configure:3271: $? = 0
configure:3282: result: yes
configure:3296: checking for gzopen in -lz
configure:3326: gcc -o conftest  -g -O3 -Wall -fPIC -Wsystem-headers -Wno-format-y2k -Wno-sign-compare -Wcast-align -Wmissing-prototypes -Wpointer-arith -Wreturn-type -Wswitch -Wshadow   conftest.c -lz   >&5
configure:3332: $? = 0
configure:3336: test -z 
			 || test ! -s conftest.err
configure:3339: $? = 0
configure:3342: test -s conftest
configure:3345: $? = 0
configure:3358: result: yes
configure:3376: checking for BZ2_bzReadOpen in -lbz2
configure:3406: gcc -o conftest  -g -O3 -Wall -fPIC -Wsystem-headers -Wno-format-y2k -Wno-sign-compare -Wcast-align -Wmissing-prototypes -Wpointer-arith -Wreturn-type -Wswitch -Wshadow   conftest.c -lbz2  -lz  >&5
configure:3412: $? = 0
configure:3416: test -z 
			 || test ! -s conftest.err
configure:3419: $? = 0
configure:3422: test -s conftest
configure:3425: $? = 0
configure:3438: result: yes
configure:3461: checking for inet_ntoa
configure:3518: gcc -o conftest  -g -O3 -Wall -fPIC -Wsystem-headers -Wno-format-y2k -Wno-sign-compare -Wcast-align -Wmissing-prototypes -Wpointer-arith -Wreturn-type -Wswitch -Wshadow   conftest.c -lbz2 -lz  >&5
configure:3524: $? = 0
configure:3528: test -z 
			 || test ! -s conftest.err
configure:3531: $? = 0
configure:3534: test -s conftest
configure:3537: $? = 0
configure:3549: result: yes
configure:3642: checking for inet_ntop
configure:3699: gcc -o conftest  -g -O3 -Wall -fPIC -Wsystem-headers -Wno-format-y2k -Wno-sign-compare -Wcast-align -Wmissing-prototypes -Wpointer-arith -Wreturn-type -Wswitch -Wshadow   conftest.c -lbz2 -lz  >&5
configure:3705: $? = 0
configure:3709: test -z 
			 || test ! -s conftest.err
configure:3712: $? = 0
configure:3715: test -s conftest
configure:3718: $? = 0
configure:3730: result: yes
configure:3925: creating ./config.status

## ---------------------- ##
## Running config.status. ##
## ---------------------- ##

This file was extended by libbgpdump config.status 1.4.99.12, which was
generated by GNU Autoconf 2.59.  Invocation command line was

  CONFIG_FILES    = 
  CONFIG_HEADERS  = 
  CONFIG_LINKS    = 
  CONFIG_COMMANDS = 
  $ ./config.status 

on Clariden

config.status:644: creating bgpdump.spec
config.status:644: creating Makefile
config.status:747: creating bgpdump-config.h

## ---------------- ##
## Cache variables. ##
## ---------------- ##

ac_cv_c_compiler_gnu=yes
ac_cv_env_CC_set=
ac_cv_env_CC_value=
ac_cv_env_CFLAGS_set=
ac_cv_env_CFLAGS_value=
ac_cv_env_CPPFLAGS_set=
ac_cv_env_CPPFLAGS_value=
ac_cv_env_CPP_set=
ac_cv_env_CPP_value=
ac_cv_env_LDFLAGS_set=
ac_cv_env_LDFLAGS_value=
ac_cv_env_build_alias_set=
ac_cv_env_build_alias_value=
ac_cv_env_host_alias_set=
ac_cv_env_host_alias_value=
ac_cv_env_target_alias_set=
ac_cv_env_target_alias_value=
ac_cv_exeext=
ac_cv_func_inet_ntoa=yes
ac_cv_func_inet_ntop=yes
ac_cv_header_arpa_inet_h=yes
ac_cv_header_inttypes_h=yes
ac_cv_header_memory_h=yes
ac_cv_header_netinet_in_h=yes
ac_cv_header_stdc=yes
ac_cv_header_stdint_h=yes
ac_cv_header_stdlib_h=yes
ac_cv_header_string_h=yes
ac_cv_header_strings_h=yes
ac_cv_header_sys_stat_h=yes
ac_cv_header_sys_types_h=yes
ac_cv_header_syslog_h=yes
ac_cv_header_unistd_h=yes
ac_cv_lib_bz2_BZ2_bzReadOpen=yes
ac_cv_lib_z_gzopen=yes
ac_cv_objext=o
ac_cv_prog_CPP='gcc -E'
ac_cv_prog_ac_ct_CC=gcc
ac_cv_prog_ac_ct_RANLIB=ranlib
ac_cv_prog_cc_g=yes
ac_cv_prog_cc_stdc=
ac_cv_prog_egrep='grep -E'
ac_cv_struct_tm=time.h
ac_cv_type_u_char_t=no
ac_cv_type_u_int16_t=yes
ac_cv_type_u_int32_t=yes
ac_cv_type_u_int8_t=yes

## ----------------- ##
## Output variables. ##
## ----------------- ##

CC='gcc'
CFLAGS=' -g -O3 -Wall -fPIC -Wsystem-headers -Wno-format-y2k -Wno-sign-compare -Wcast-align -Wmissing-prototypes -Wpointer-arith -Wreturn-type -Wswitch -Wshadow'
CPP='gcc -E'
CPPFLAGS=''
DEFS='-DHAVE_CONFIG_H'
ECHO_C=''
ECHO_N='-n'
ECHO_T=''
EGREP='grep -E'
EXEEXT=''
LDFLAGS=' -shared'
LIBOBJS=''
LIBS='-lbz2 -lz '
LTLIBOBJS=''
OBJEXT='o'
PACKAGE_BUGREPORT='ris@ripe.net'
PACKAGE_NAME='libbgpdump'
PACKAGE_STRING='libbgpdump 1.4.99.12'
PACKAGE_TARNAME='libbgpdump'
PACKAGE_VERSION='1.4.99.12'
PATH_SEPARATOR=':'
RANLIB='ranlib'
SHELL='/bin/bash'
ac_ct_CC='gcc'
ac_ct_RANLIB='ranlib'
bindir='${exec_prefix}/bin'
build_alias=''
datadir='${prefix}/share'
exec_prefix='${prefix}'
host_alias=''
includedir='${prefix}/include'
infodir='${prefix}/info'
libdir='${exec_prefix}/lib'
libexecdir='${exec_prefix}/libexec'
localstatedir='${prefix}/var'
mandir='${prefix}/man'
oldincludedir='/usr/include'
prefix='/usr/local'
program_transform_name='s,x,x,'
sbindir='${exec_prefix}/sbin'
sharedstatedir='${prefix}/com'
sysconfdir='${prefix}/etc'
target_alias=''

## ----------- ##
## confdefs.h. ##
## ----------- ##

#define HAVE_ARPA_INET_H 1
#define HAVE_INET_NTOA 1
#define HAVE_INET_NTOP 1
#define HAVE_INTTYPES_H 1
#define HAVE_LIBBZ2 1
#define HAVE_LIBZ 1
#define HAVE_MEMORY_H 1
#define HAVE_NETINET_IN_H 1
#define HAVE_STDINT_H 1
#define HAVE_STDLIB_H 1
#define HAVE_STRINGS_H 1
#define HAVE_STRING_H 1
#define HAVE_SYSLOG_H 1
#define HAVE_SYS_STAT_H 1
#define HAVE_SYS_TYPES_H 1
#define HAVE_UNISTD_H 1
#define PACKAGE_BUGREPORT "ris@ripe.net"
#define PACKAGE_NAME "libbgpdump"
#define PACKAGE_STRING "libbgpdump 1.4.99.12"
#define PACKAGE_TARNAME "libbgpdump"
#define PACKAGE_VERSION "1.4.99.12"
#define STDC_HEADERS 1
#define u_char_t uchar_t

configure: exit 0
